Entry of read_input method
SIMPLE INTEREST :

Enter the principal amount
1200.0
Enter the rate of interest
1.3
Enter the time period(years)
3.0
Exit of read_input method
returnig the future value of simple interest from caluculate_interest method

Future value by applying Simple Interest : 1246.8
Entry of read_input method


COMPOUND INTEREST :

Enter the principal amount
1200.0
Enter the rate of interest
1.3
Enter the time period(years)
3.0
Enter no. of times the interest is compounded per year
6.0
Exit of read_input method
returnig the future value of compund interest from caluculate_interest method
Future value by applying Compound Interest : 1247.6719411494114
